h:\engine\opengl\obj\debug\vc143.pdb
h:\engine\opengl\obj\debug\vc143.idb
h:\engine\opengl\obj\debug\main.obj
h:\engine\opengl\obj\debug\init.obj
h:\engine\opengl\obj\debug\egl_context.obj
h:\engine\opengl\obj\debug\context.obj
h:\engine\opengl\obj\debug\tinycthread.obj
h:\engine\opengl\obj\debug\getopt.obj
h:\engine\opengl\obj\debug\window.obj
h:\engine\opengl\obj\debug\win32_time.obj
h:\engine\opengl\obj\debug\win32_thread.obj
h:\engine\opengl\obj\debug\win32_module.obj
h:\engine\opengl\obj\debug\vulkan.obj
h:\engine\opengl\obj\debug\osmesa_context.obj
h:\engine\opengl\obj\debug\null_window.obj
h:\engine\opengl\obj\debug\null_monitor.obj
h:\engine\opengl\obj\debug\null_joystick.obj
h:\engine\opengl\obj\debug\null_init.obj
h:\engine\opengl\obj\debug\monitor.obj
h:\engine\opengl\obj\debug\learning.tlog\cl.command.1.tlog
h:\engine\opengl\obj\debug\learning.tlog\cl.read.1.tlog
h:\engine\opengl\obj\debug\learning.tlog\cl.write.1.tlog
h:\engine\opengl\obj\debug\learning.tlog\link-cvtres.read.1.tlog
h:\engine\opengl\obj\debug\learning.tlog\link-cvtres.write.1.tlog
h:\engine\opengl\obj\debug\learning.tlog\link-rc.read.1.tlog
h:\engine\opengl\obj\debug\learning.tlog\link-rc.write.1.tlog
h:\engine\opengl\obj\debug\learning.tlog\link.command.1.tlog
h:\engine\opengl\obj\debug\learning.tlog\link.read.1.tlog
h:\engine\opengl\obj\debug\learning.tlog\link.read.2.tlog
h:\engine\opengl\obj\debug\learning.tlog\link.write.1.tlog
